<?xml version="1.0" encoding="UTF-8"?>
<!-- Generated by org.testng.reporters.JUnitReportReporter -->
<testsuite hostname="DESKTOP-JMB9U63" failures="0" tests="1" name="test.Day1" time="0.013" errors="0" timestamp="2023-01-09T17:40:06 IST" skipped="0">
  <testcase classname="test.Day1" name="Demo" time="0.013"/>
  <system-out/>
</testsuite> <!-- test.Day1 -->
