<?xml version="1.0" encoding="UTF-8"?>
<!-- Generated by org.testng.reporters.JUnitReportReporter -->
<testsuite hostname="DESKTOP-JMB9U63" failures="0" tests="3" name="test.Day4" time="0.020" errors="0" timestamp="2023-01-09T17:40:06 IST" skipped="0">
  <testcase classname="test.Day4" name="WebloginHomeLoan" time="0.001"/>
  <system-out/>
  <testcase classname="test.Day4" name="LoginAPIHomeLoan" time="0.017"/>
  <system-out/>
  <testcase classname="test.Day4" name="MobileLoginHomeLoan" time="0.002"/>
  <system-out/>
</testsuite> <!-- test.Day4 -->
