<?xml version="1.0" encoding="UTF-8"?>
<!-- Generated by org.testng.reporters.JUnitReportReporter -->
<testsuite hostname="DESKTOP-JMB9U63" failures="0" tests="6" name="test.Day3" time="0.016" errors="0" timestamp="2023-01-09T17:40:06 IST" skipped="1">
  <testcase classname="test.Day3" name="MobileSignOutincarLoan" time="0.004"/>
  <system-out/>
  <testcase classname="test.Day3" name="MobileSignOutincarLoan" time="0.002"/>
  <system-out/>
  <testcase classname="test.Day3" name="MobileSignOutincarLoan" time="0.001"/>
  <system-out/>
  <testcase classname="test.Day3" name="WebloginCarLoan" time="0.002"/>
  <system-out/>
  <testcase classname="test.Day3" name="MobileLogincarLoan" time="0.007"/>
  <system-out/>
  <testcase classname="test.Day3" name="MobileSignInincarLoan">
    <skipped/>
  </testcase> <!-- MobileSignInincarLoan -->
  <system-out/>
</testsuite> <!-- test.Day3 -->
